ERROR - 2026-06-08 00:32:16 --> LOGIN ATTEMPT: Identity=[gad.office@bsu.edu.ph]
ERROR - 2026-06-08 00:32:17 --> LOGIN SUCCESS: User [Gender And Development] authenticated.
ERROR - 2026-06-08 00:32:30 --> LOGIN ATTEMPT: Identity=[gad.staff@bsu.edu.ph]
ERROR - 2026-06-08 00:32:30 --> LOGIN SUCCESS: User [gad.staff] authenticated.
ERROR - 2026-06-08 00:32:58 --> LOGIN ATTEMPT: Identity=[ca@bsu.edu.ph]
ERROR - 2026-06-08 00:32:59 --> LOGIN SUCCESS: User [College of Agriculture] authenticated.
ERROR - 2026-06-08 04:40:21 --> LOGIN ATTEMPT: Identity=[gad.staff@bsu.edu.ph]
ERROR - 2026-06-08 04:40:21 --> LOGIN SUCCESS: User [gad.staff] authenticated.
ERROR - 2026-06-08 05:23:35 --> LOGIN ATTEMPT: Identity=[gad.office@bsu.edu.ph]
ERROR - 2026-06-08 05:23:35 --> LOGIN SUCCESS: User [Gender And Development] authenticated.
ERROR - 2026-06-08 06:41:52 --> LOGIN ATTEMPT: Identity=[bisayotduligas@gmail.com]
ERROR - 2026-06-08 06:41:54 --> Error connecting to the database: mysqli_sql_exception: No connection could be made because the target machine actively refused it in C:\xampp\htdocs\GAD_AMS_2\backend\vendor\codeigniter4\framework\system\Database\MySQLi\Connection.php:201
Stack trace:
#0 C:\xampp\htdocs\GAD_AMS_2\backend\vendor\codeigniter4\framework\system\Database\MySQLi\Connection.php(201): mysqli->real_connect('127.0.0.1', 'root', Object(SensitiveParameterValue), 'gad_submission_...', 3306, '', 0)
#1 C:\xampp\htdocs\GAD_AMS_2\backend\vendor\codeigniter4\framework\system\Database\BaseConnection.php(555): CodeIgniter\Database\MySQLi\Connection->connect(false)
#2 C:\xampp\htdocs\GAD_AMS_2\backend\vendor\codeigniter4\framework\system\Database\BaseConnection.php(795): CodeIgniter\Database\BaseConnection->initialize()
#3 C:\xampp\htdocs\GAD_AMS_2\backend\vendor\codeigniter4\framework\system\Database\BaseBuilder.php(1649): CodeIgniter\Database\BaseConnection->query('SELECT *\nFROM `...', Array, false)
#4 C:\xampp\htdocs\GAD_AMS_2\backend\vendor\codeigniter4\framework\system\Model.php(295): CodeIgniter\Database\BaseBuilder->get()
#5 C:\xampp\htdocs\GAD_AMS_2\backend\vendor\codeigniter4\framework\system\BaseModel.php(714): CodeIgniter\Model->doFirst()
#6 C:\xampp\htdocs\GAD_AMS_2\backend\app\Models\UserModel.php(29): CodeIgniter\BaseModel->first()
#7 C:\xampp\htdocs\GAD_AMS_2\backend\app\Controllers\AuthController.php(32): App\Models\UserModel->findByIdentity('bisayotduligas@...')
#8 C:\xampp\htdocs\GAD_AMS_2\backend\vendor\codeigniter4\framework\system\CodeIgniter.php(951): App\Controllers\AuthController->login()
#9 C:\xampp\htdocs\GAD_AMS_2\backend\vendor\codeigniter4\framework\system\CodeIgniter.php(497): CodeIgniter\CodeIgniter->runController(Object(App\Controllers\AuthController))
#10 C:\xampp\htdocs\GAD_AMS_2\backend\vendor\codeigniter4\framework\system\CodeIgniter.php(340): CodeIgniter\CodeIgniter->handleRequest(NULL, Object(Config\Cache), false)
#11 C:\xampp\htdocs\GAD_AMS_2\backend\vendor\codeigniter4\framework\system\Boot.php(417): CodeIgniter\CodeIgniter->run()
#12 C:\xampp\htdocs\GAD_AMS_2\backend\vendor\codeigniter4\framework\system\Boot.php(68): CodeIgniter\Boot::runCodeIgniter(Object(CodeIgniter\CodeIgniter))
#13 C:\xampp\htdocs\GAD_AMS_2\backend\public\index.php(59): CodeIgniter\Boot::bootWeb(Object(Config\Paths))
#14 C:\xampp\htdocs\GAD_AMS_2\backend\vendor\codeigniter4\framework\system\rewrite.php(44): require_once('C:\\xampp\\htdocs...')
#15 {main}

Next CodeIgniter\Database\Exceptions\DatabaseException: No connection could be made because the target machine actively refused it in C:\xampp\htdocs\GAD_AMS_2\backend\vendor\codeigniter4\framework\system\Database\MySQLi\Connection.php:231
Stack trace:
#0 C:\xampp\htdocs\GAD_AMS_2\backend\vendor\codeigniter4\framework\system\Database\BaseConnection.php(555): CodeIgniter\Database\MySQLi\Connection->connect(false)
#1 C:\xampp\htdocs\GAD_AMS_2\backend\vendor\codeigniter4\framework\system\Database\BaseConnection.php(795): CodeIgniter\Database\BaseConnection->initialize()
#2 C:\xampp\htdocs\GAD_AMS_2\backend\vendor\codeigniter4\framework\system\Database\BaseBuilder.php(1649): CodeIgniter\Database\BaseConnection->query('SELECT *\nFROM `...', Array, false)
#3 C:\xampp\htdocs\GAD_AMS_2\backend\vendor\codeigniter4\framework\system\Model.php(295): CodeIgniter\Database\BaseBuilder->get()
#4 C:\xampp\htdocs\GAD_AMS_2\backend\vendor\codeigniter4\framework\system\BaseModel.php(714): CodeIgniter\Model->doFirst()
#5 C:\xampp\htdocs\GAD_AMS_2\backend\app\Models\UserModel.php(29): CodeIgniter\BaseModel->first()
#6 C:\xampp\htdocs\GAD_AMS_2\backend\app\Controllers\AuthController.php(32): App\Models\UserModel->findByIdentity('bisayotduligas@...')
#7 C:\xampp\htdocs\GAD_AMS_2\backend\vendor\codeigniter4\framework\system\CodeIgniter.php(951): App\Controllers\AuthController->login()
#8 C:\xampp\htdocs\GAD_AMS_2\backend\vendor\codeigniter4\framework\system\CodeIgniter.php(497): CodeIgniter\CodeIgniter->runController(Object(App\Controllers\AuthController))
#9 C:\xampp\htdocs\GAD_AMS_2\backend\vendor\codeigniter4\framework\system\CodeIgniter.php(340): CodeIgniter\CodeIgniter->handleRequest(NULL, Object(Config\Cache), false)
#10 C:\xampp\htdocs\GAD_AMS_2\backend\vendor\codeigniter4\framework\system\Boot.php(417): CodeIgniter\CodeIgniter->run()
#11 C:\xampp\htdocs\GAD_AMS_2\backend\vendor\codeigniter4\framework\system\Boot.php(68): CodeIgniter\Boot::runCodeIgniter(Object(CodeIgniter\CodeIgniter))
#12 C:\xampp\htdocs\GAD_AMS_2\backend\public\index.php(59): CodeIgniter\Boot::bootWeb(Object(Config\Paths))
#13 C:\xampp\htdocs\GAD_AMS_2\backend\vendor\codeigniter4\framework\system\rewrite.php(44): require_once('C:\\xampp\\htdocs...')
#14 {main}
CRITICAL - 2026-06-08 06:41:54 --> CodeIgniter\Database\Exceptions\DatabaseException: Unable to connect to the database.
Main connection [MySQLi]: No connection could be made because the target machine actively refused it
[Method: POST, Route: api/login]
in SYSTEMPATH\Database\BaseConnection.php on line 606.
 1 SYSTEMPATH\Database\BaseConnection.php(795): CodeIgniter\Database\BaseConnection->initialize()
 2 SYSTEMPATH\Database\BaseBuilder.php(1649): CodeIgniter\Database\BaseConnection->query('SELECT *
FROM `users`
WHERE `username` = :username:
OR `email` = :email:
OR `user_acronym` = :user_acronym:
OR `student_id` = :student_id:
 LIMIT 1', [...], false)
 3 SYSTEMPATH\Model.php(295): CodeIgniter\Database\BaseBuilder->get()
 4 SYSTEMPATH\BaseModel.php(714): CodeIgniter\Model->doFirst()
 5 APPPATH\Models\UserModel.php(29): CodeIgniter\BaseModel->first()
 6 APPPATH\Controllers\AuthController.php(32): App\Models\UserModel->findByIdentity('bisayotduligas@gmail.com')
 7 SYSTEMPATH\CodeIgniter.php(951): App\Controllers\AuthController->login()
 8 SYSTEMPATH\CodeIgniter.php(497): CodeIgniter\CodeIgniter->runController(Object(App\Controllers\AuthController))
 9 SYSTEMPATH\CodeIgniter.php(340): CodeIgniter\CodeIgniter->handleRequest(null, Object(Config\Cache), false)
10 SYSTEMPATH\Boot.php(417): CodeIgniter\CodeIgniter->run()
11 SYSTEMPATH\Boot.php(68): CodeIgniter\Boot::runCodeIgniter(Object(CodeIgniter\CodeIgniter))
12 FCPATH\index.php(59): CodeIgniter\Boot::bootWeb(Object(Config\Paths))
13 SYSTEMPATH\rewrite.php(44): require_once('C:\\xampp\\htdocs\\GAD_AMS_2\\backend\\public\\index.php')
ERROR - 2026-06-08 06:42:20 --> LOGIN ATTEMPT: Identity=[bisayotduligas@gmail.com]
ERROR - 2026-06-08 06:42:31 --> LOGIN ATTEMPT: Identity=[gad.office@bsu.edu.ph]
ERROR - 2026-06-08 06:42:31 --> LOGIN SUCCESS: User [Gender And Development] authenticated.
ERROR - 2026-06-08 06:48:21 --> LOGIN ATTEMPT: Identity=[ca@bsu.edu.ph]
ERROR - 2026-06-08 06:48:22 --> LOGIN SUCCESS: User [College of Agriculture] authenticated.
ERROR - 2026-06-08 06:48:53 --> LOGIN ATTEMPT: Identity=[gad.office@bsu.edu.ph]
ERROR - 2026-06-08 06:48:53 --> LOGIN SUCCESS: User [Gender And Development] authenticated.
ERROR - 2026-06-08 06:50:25 --> LOGIN ATTEMPT: Identity=[gad.office@bsu.edu.ph]
ERROR - 2026-06-08 06:50:26 --> LOGIN SUCCESS: User [Gender And Development] authenticated.
ERROR - 2026-06-08 09:57:31 --> LOGIN ATTEMPT: Identity=[gad.office@bsu.edu.ph]
ERROR - 2026-06-08 09:57:32 --> LOGIN SUCCESS: User [Gender And Development] authenticated.
ERROR - 2026-06-08 09:57:40 --> LOGIN ATTEMPT: Identity=[gad.staff@bsu.edu.ph]
ERROR - 2026-06-08 09:57:41 --> LOGIN SUCCESS: User [gad.staff] authenticated.
ERROR - 2026-06-08 09:57:55 --> LOGIN ATTEMPT: Identity=[ca@bsu.edu.ph]
ERROR - 2026-06-08 09:57:55 --> LOGIN SUCCESS: User [College of Agriculture] authenticated.
ERROR - 2026-06-08 10:16:51 --> LOGIN ATTEMPT: Identity=[ca@bsu.edu.ph]
ERROR - 2026-06-08 10:16:52 --> LOGIN SUCCESS: User [College of Agriculture] authenticated.
ERROR - 2026-06-08 13:06:26 --> LOGIN ATTEMPT: Identity=[bisayotduligas@gmail.com]
ERROR - 2026-06-08 13:06:26 --> LOGIN SUCCESS: User [bisayotduligas] authenticated.
ERROR - 2026-06-08 13:29:34 --> LOGIN ATTEMPT: Identity=[gad.office@bsu.edu.ph]
ERROR - 2026-06-08 13:29:34 --> LOGIN SUCCESS: User [Gender And Development] authenticated.
ERROR - 2026-06-08 13:32:02 --> LOGIN ATTEMPT: Identity=[gad.office@bsu.edu.ph]
ERROR - 2026-06-08 13:32:02 --> LOGIN SUCCESS: User [Gender And Development] authenticated.
