ERROR - 2026-06-07 08:19:19 --> LOGIN ATTEMPT: Identity=[gad.office@bsu.edu.ph]
ERROR - 2026-06-07 08:19:20 --> LOGIN SUCCESS: User [Gender And Development] authenticated.
ERROR - 2026-06-07 08:22:25 --> LOGIN ATTEMPT: Identity=[gad.staff@bsu.edu.ph]
ERROR - 2026-06-07 08:22:25 --> LOGIN SUCCESS: User [gad.staff] authenticated.
ERROR - 2026-06-07 08:25:33 --> LOGIN ATTEMPT: Identity=[gad.office@bsu.edu.ph]
ERROR - 2026-06-07 08:25:33 --> LOGIN SUCCESS: User [Gender And Development] authenticated.
ERROR - 2026-06-07 08:27:57 --> LOGIN ATTEMPT: Identity=[gad.staff@bsu.edu.ph]
ERROR - 2026-06-07 08:27:57 --> LOGIN SUCCESS: User [gad.staff] authenticated.
ERROR - 2026-06-07 12:03:41 --> LOGIN ATTEMPT: Identity=[gad.office@bsu.edu.ph]
ERROR - 2026-06-07 12:03:41 --> LOGIN SUCCESS: User [Gender And Development] authenticated.
ERROR - 2026-06-07 12:04:57 --> LOGIN ATTEMPT: Identity=[gad.staff@bsu.edu.ph]
ERROR - 2026-06-07 12:04:58 --> LOGIN SUCCESS: User [gad.staff] authenticated.
ERROR - 2026-06-07 12:12:20 --> LOGIN ATTEMPT: Identity=[gad.staff@bsu.edu.ph]
ERROR - 2026-06-07 12:12:21 --> LOGIN SUCCESS: User [gad.staff] authenticated.
ERROR - 2026-06-07 12:28:24 --> LOGIN ATTEMPT: Identity=[gad.office@bsu.edu.ph]
ERROR - 2026-06-07 12:28:24 --> LOGIN SUCCESS: User [Gender And Development] authenticated.
ERROR - 2026-06-07 12:36:11 --> LOGIN ATTEMPT: Identity=[gad.staff@bsu.edu.ph]
ERROR - 2026-06-07 12:36:11 --> LOGIN SUCCESS: User [gad.staff] authenticated.
ERROR - 2026-06-07 12:54:06 --> LOGIN ATTEMPT: Identity=[gad.office@bsu.edu.ph]
ERROR - 2026-06-07 12:54:06 --> LOGIN SUCCESS: User [Gender And Development] authenticated.
ERROR - 2026-06-07 12:54:33 --> Unknown column 'remarks' in 'field list'
in SYSTEMPATH\Database\MySQLi\Connection.php on line 300.
 1 SYSTEMPATH\Database\MySQLi\Connection.php(300): mysqli->query('UPDATE `activity_design` SET `status` = \'Revision Required\', `remarks` = \'fffffffffffffff\', `accomplishment_deadline` = \'2026-06-17\'
WHERE `act_design_id` = \'7\'', 0)
 2 SYSTEMPATH\Database\BaseConnection.php(910): CodeIgniter\Database\MySQLi\Connection->execute('UPDATE `activity_design` SET `status` = \'Revision Required\', `remarks` = \'fffffffffffffff\', `accomplishment_deadline` = \'2026-06-17\'
WHERE `act_design_id` = \'7\'')
 3 SYSTEMPATH\Database\BaseConnection.php(827): CodeIgniter\Database\BaseConnection->simpleQuery('UPDATE `activity_design` SET `status` = \'Revision Required\', `remarks` = \'fffffffffffffff\', `accomplishment_deadline` = \'2026-06-17\'
WHERE `act_design_id` = \'7\'')
 4 SYSTEMPATH\Database\BaseBuilder.php(2521): CodeIgniter\Database\BaseConnection->query('UPDATE `activity_design` SET `status` = :status:, `remarks` = :remarks:, `accomplishment_deadline` = :accomplishment_deadline:
WHERE `act_design_id` = :act_design_id:', [...], false)
 5 APPPATH\Controllers\ActivityDesignController.php(409): CodeIgniter\Database\BaseBuilder->update([...])
 6 SYSTEMPATH\CodeIgniter.php(951): App\Controllers\ActivityDesignController->revisionDesign('7')
 7 SYSTEMPATH\CodeIgniter.php(497): CodeIgniter\CodeIgniter->runController(Object(App\Controllers\ActivityDesignController))
 8 SYSTEMPATH\CodeIgniter.php(340): CodeIgniter\CodeIgniter->handleRequest(null, Object(Config\Cache), false)
 9 SYSTEMPATH\Boot.php(417): CodeIgniter\CodeIgniter->run()
10 SYSTEMPATH\Boot.php(68): CodeIgniter\Boot::runCodeIgniter(Object(CodeIgniter\CodeIgniter))
11 FCPATH\index.php(59): CodeIgniter\Boot::bootWeb(Object(Config\Paths))
12 SYSTEMPATH\rewrite.php(44): require_once('C:\\xampp\\htdocs\\GAD_AMS_2\\backend\\public\\index.php')
ERROR - 2026-06-07 12:55:04 --> LOGIN ATTEMPT: Identity=[gad.staff@bsu.edu.ph]
ERROR - 2026-06-07 12:55:05 --> LOGIN SUCCESS: User [gad.staff] authenticated.
ERROR - 2026-06-07 13:05:52 --> LOGIN ATTEMPT: Identity=[gad.office@bsu.edu.ph]
ERROR - 2026-06-07 13:05:52 --> LOGIN SUCCESS: User [Gender And Development] authenticated.
ERROR - 2026-06-07 13:07:15 --> LOGIN ATTEMPT: Identity=[gad.staff@bsu.edu.ph]
ERROR - 2026-06-07 13:07:15 --> LOGIN SUCCESS: User [gad.staff] authenticated.
ERROR - 2026-06-07 13:07:52 --> LOGIN ATTEMPT: Identity=[bisayotduligas@gmail.com]
ERROR - 2026-06-07 13:08:15 --> LOGIN ATTEMPT: Identity=[gad.office@bsu.edu.ph]
ERROR - 2026-06-07 13:08:16 --> LOGIN SUCCESS: User [Gender And Development] authenticated.
ERROR - 2026-06-07 13:12:58 --> LOGIN ATTEMPT: Identity=[gad.office@bsu.edu.ph]
ERROR - 2026-06-07 13:12:58 --> LOGIN SUCCESS: User [Gender And Development] authenticated.
ERROR - 2026-06-07 13:17:10 --> LOGIN ATTEMPT: Identity=[gad.staff@bsu.edu.ph]
ERROR - 2026-06-07 13:17:11 --> LOGIN SUCCESS: User [gad.staff] authenticated.
ERROR - 2026-06-07 13:38:18 --> LOGIN ATTEMPT: Identity=[gad.office@bsu.edu.ph]
ERROR - 2026-06-07 13:38:19 --> LOGIN SUCCESS: User [Gender And Development] authenticated.
ERROR - 2026-06-07 13:41:25 --> LOGIN ATTEMPT: Identity=[gad.staff@bsu.edu.ph]
ERROR - 2026-06-07 13:41:25 --> LOGIN SUCCESS: User [gad.staff] authenticated.
ERROR - 2026-06-07 13:42:52 --> LOGIN ATTEMPT: Identity=[gad.office@bsu.edu.ph]
ERROR - 2026-06-07 13:42:52 --> LOGIN SUCCESS: User [Gender And Development] authenticated.
ERROR - 2026-06-07 13:45:37 --> LOGIN ATTEMPT: Identity=[gad.staff@bsu.edu.ph]
ERROR - 2026-06-07 13:45:37 --> LOGIN SUCCESS: User [gad.staff] authenticated.
ERROR - 2026-06-07 13:49:28 --> LOGIN ATTEMPT: Identity=[gad.staff@bsu.edu.ph]
ERROR - 2026-06-07 13:49:29 --> LOGIN SUCCESS: User [gad.staff] authenticated.
ERROR - 2026-06-07 13:50:39 --> LOGIN ATTEMPT: Identity=[gad.office@bsu.edu.ph]
ERROR - 2026-06-07 13:50:40 --> LOGIN SUCCESS: User [Gender And Development] authenticated.
ERROR - 2026-06-07 13:55:42 --> LOGIN ATTEMPT: Identity=[gad.staff@bsu.edu.ph]
ERROR - 2026-06-07 13:55:42 --> LOGIN SUCCESS: User [gad.staff] authenticated.
ERROR - 2026-06-07 14:01:38 --> LOGIN ATTEMPT: Identity=[gad.office@bsu.edu.ph]
ERROR - 2026-06-07 14:01:38 --> LOGIN SUCCESS: User [Gender And Development] authenticated.
ERROR - 2026-06-07 14:08:08 --> LOGIN ATTEMPT: Identity=[gad.staff@bsu.edu.ph]
ERROR - 2026-06-07 14:08:09 --> LOGIN SUCCESS: User [gad.staff] authenticated.
